#
# There is insufficient memory for the Java Runtime Environment to continue.
# Native memory allocation (mmap) failed to map 65536 bytes for offset table expansion
# Possible reasons:
#   The system is out of physical RAM or swap space
#   In 32 bit mode, the process size limit was hit
# Possible solutions:
#   Reduce memory load on the system
#   Increase physical memory or swap space
#   Check if swap backing store is full
#   Use 64 bit Java on a 64 bit OS
#   Decrease Java heap size (-Xmx/-Xms)
#   Decrease number of Java threads
#   Decrease Java thread stack sizes (-Xss)
#   Set larger code cache with -XX:ReservedCodeCacheSize=
# This output file may be truncated or incomplete.
#
#  Out of Memory Error (blockOffsetTable.cpp:83), pid=4192, tid=0x000016d4
#
# JRE version: Java(TM) SE Runtime Environment (8.0_101-b13) (build 1.8.0_101-b13)
# Java VM: Java HotSpot(TM) Client VM (25.101-b13 mixed mode windows-x86 )
# Failed to write core dump. Minidumps are not enabled by default on client versions of Windows
#

---------------  T H R E A D  ---------------

Current thread (0x445e9000):  VMThread [stack: 0x01810000,0x01860000] [id=5844]

Stack: [0x01810000,0x01860000],  sp=0x0185ee10,  free space=315k
Native frames: (J=compiled Java code, j=interpreted, Vv=VM code, C=native code)
V  [jvm.dll+0x1a985b]
V  [jvm.dll+0x1a2068]
V  [jvm.dll+0x8f9b5]
V  [jvm.dll+0x9a3a8]
V  [jvm.dll+0x99fbe]
V  [jvm.dll+0x9a307]
V  [jvm.dll+0x9aac7]
V  [jvm.dll+0x9946f]
V  [jvm.dll+0x9a88b]
V  [jvm.dll+0x9561b]
V  [jvm.dll+0xd132d]
V  [jvm.dll+0xa518f]
V  [jvm.dll+0x9a531]
V  [jvm.dll+0x98207]
V  [jvm.dll+0x941d7]
V  [jvm.dll+0x98e73]
V  [jvm.dll+0x92e25]
V  [jvm.dll+0x1b81c6]
V  [jvm.dll+0x18292b]
V  [jvm.dll+0x181d31]
V  [jvm.dll+0x182147]
V  [jvm.dll+0x182342]
V  [jvm.dll+0x1c1ed6]
C  [msvcr100.dll+0x5c556]
C  [msvcr100.dll+0x5c600]
C  [kernel32.dll+0x4ee1c]
C  [ntdll.dll+0x637eb]
C  [ntdll.dll+0x637be]

VM_Operation (0x44a9eba8): GenCollectForAllocation, mode: safepoint, requested by thread 0x44794400


---------------  P R O C E S S  ---------------

Java Threads: ( => current thread )
  0x44793400 JavaThread "pool-1-thread-4" [_thread_blocked, id=5652, stack(0x44c90000,0x44ce0000)]
  0x44794400 JavaThread "pool-1-thread-3" [_thread_blocked, id=3348, stack(0x44a50000,0x44aa0000)]
  0x4478fc00 JavaThread "pool-1-thread-2" [_thread_blocked, id=1308, stack(0x01950000,0x019a0000)]
  0x4475f800 JavaThread "pool-2-thread-1" [_thread_blocked, id=4684, stack(0x44b70000,0x44bc0000)]
  0x44763c00 JavaThread "pool-1-thread-1" [_thread_blocked, id=6092, stack(0x44b10000,0x44b60000)]
  0x4462b800 JavaThread "Service Thread" daemon [_thread_blocked, id=1440, stack(0x03cd0000,0x03d20000)]
  0x44637800 JavaThread "C1 CompilerThread0" daemon [_thread_blocked, id=4252, stack(0x44910000,0x44960000)]
  0x44636800 JavaThread "Attach Listener" daemon [_thread_blocked, id=2696, stack(0x03db0000,0x03e00000)]
  0x44635c00 JavaThread "Signal Dispatcher" daemon [_thread_blocked, id=3492, stack(0x44970000,0x449c0000)]
  0x44614c00 JavaThread "Finalizer" daemon [_thread_blocked, id=1796, stack(0x018a0000,0x018f0000)]
  0x445ef400 JavaThread "Reference Handler" daemon [_thread_blocked, id=4640, stack(0x03d40000,0x03d90000)]
  0x0186c400 JavaThread "main" [_thread_blocked, id=5384, stack(0x019a0000,0x019f0000)]

Other Threads:
=>0x445e9000 VMThread [stack: 0x01810000,0x01860000] [id=5844]
  0x44633800 WatcherThread [stack: 0x449f0000,0x44a40000] [id=1364]

VM state:at safepoint (normal execution)

VM Mutex/Monitor currently owned by a thread:  ([mutex/lock_event])
[0x0186a160] Threads_lock - owner thread: 0x445e9000
[0x0186a570] Heap_lock - owner thread: 0x44794400

Heap:
 def new generation   total 106816K, used 106816K [0x03e00000, 0x0b1e0000, 0x19350000)
  eden space 94976K, 100% used [0x03e00000, 0x09ac0000, 0x09ac0000)
  from space 11840K, 100% used [0x0a650000, 0x0b1e0000, 0x0b1e0000)
  to   space 11840K,  99% used [0x09ac0000, 0x0a64fff8, 0x0a650000)
   the





